<?xml version="1.0" encoding="UTF-8"?>
<testng-results ignored="0" total="1" passed="1" failed="0" skipped="0">
  <reporter-output>
  </reporter-output>
  <suite started-at="2023-01-02T11:30:29 IST" name="Default suite" finished-at="2023-01-02T11:31:55 IST" duration-ms="86467">
    <groups>
      <group name="cucumber">
        <method signature="AbstractTestNGCucumberTests.runScenario(io.cucumber.testng.PickleWrapper,io.cucumber.testng.FeatureWrapper)[pri:0, instance:Runners.LoginRun@2254127a]" name="runScenario" class="io.cucumber.testng.AbstractTestNGCucumberTests"/>
      </group> <!-- cucumber -->
    </groups>
    <test started-at="2023-01-02T11:30:29 IST" name="Default test" finished-at="2023-01-02T11:31:55 IST" duration-ms="86467">
      <class name="Runners.LoginRun">
        <test-method is-config="true" signature="setUpClass(org.testng.ITestContext)[pri:0, instance:Runners.LoginRun@2254127a]" started-at="2023-01-02T11:30:29 IST" name="setUpClass" finished-at="2023-01-02T11:30:29 IST" duration-ms="782" status="PASS">
          <params>
            <param index="0">
              <value>
                <![CDATA[org.testng.TestRunner@39bbd9e0]]>
              </value>
            </param>
          </params>
          <reporter-output>
          </reporter-output>
        </test-method> <!-- setUpClass -->
        <test-method signature="runScenario(io.cucumber.testng.PickleWrapper,io.cucumber.testng.FeatureWrapper)[pri:0, instance:Runners.LoginRun@2254127a]" started-at="2023-01-02T11:30:29 IST" name="runScenario" description="Runs Cucumber Scenarios" data-provider="scenarios" finished-at="2023-01-02T11:31:55 IST" duration-ms="85542" status="PASS">
          <params>
            <param index="0">
              <value>
                <![CDATA["Title of your scenario outline"]]>
              </value>
            </param>
            <param index="1">
              <value>
                <![CDATA["Login functionality"]]>
              </value>
            </param>
          </params>
          <reporter-output>
          </reporter-output>
        </test-method> <!-- runScenario -->
        <test-method is-config="true" signature="tearDownClass()[pri:0, instance:Runners.LoginRun@2254127a]" started-at="2023-01-02T11:31:55 IST" name="tearDownClass" finished-at="2023-01-02T11:31:55 IST" duration-ms="28" status="PASS">
          <reporter-output>
          </reporter-output>
        </test-method> <!-- tearDownClass -->
      </class> <!-- Runners.LoginRun -->
    </test> <!-- Default test -->
  </suite> <!-- Default suite -->
</testng-results>
